#
# There is insufficient memory for the Java Runtime Environment to continue.
# Native memory allocation (malloc) failed to allocate 32744 bytes for ChunkPool::allocate
# Possible reasons:
#   The system is out of physical RAM or swap space
#   The process is running with CompressedOops enabled, and the Java Heap may be blocking the growth of the native heap
# Possible solutions:
#   Reduce memory load on the system
#   Increase physical memory or swap space
#   Check if swap backing store is full
#   Decrease Java heap size (-Xmx/-Xms)
#   Decrease number of Java threads
#   Decrease Java thread stack sizes (-Xss)
#   Set larger code cache with -XX:ReservedCodeCacheSize=
#   JVM is running with Zero Based Compressed Oops mode in which the Java heap is
#     placed in the first 32GB address space. The Java Heap base address is the
#     maximum limit for the native heap growth. Please use -XX:HeapBaseMinAddress
#     to set the Java Heap base and to place the Java Heap above 32GB virtual address.
# This output file may be truncated or incomplete.
#
#  Out of Memory Error (allocation.cpp:273), pid=16128, tid=0x0000000000002bc4
#
# JRE version: Java(TM) SE Runtime Environment (8.0_201-b09) (build 1.8.0_201-b09)
# Java VM: Java HotSpot(TM) 64-Bit Server VM (25.201-b09 mixed mode windows-amd64 compressed oops)
# Failed to write core dump. Minidumps are not enabled by default on client versions of Windows
#

---------------  T H R E A D  ---------------

Current thread (0x000000001f0e5800):  JavaThread "C2 CompilerThread2" daemon [_thread_in_native, id=11204, stack(0x000000001f950000,0x000000001fa50000)]

Stack: [0x000000001f950000,0x000000001fa50000]
[error occurred during error reporting (printing stack bounds), id 0xc0000005]

Native frames: (J=compiled Java code, j=interpreted, Vv=VM code, C=native code)


Current CompileTask:
C2:7673366 1005       4       sun.misc.URLClassPath::findResource (47 bytes)


---------------  P R O C E S S  ---------------

Java Threads: ( => current thread )
  0x000000000361e000 JavaThread "DestroyJavaVM" [_thread_blocked, id=5760, stack(0x0000000003430000,0x0000000003530000)]
  0x00000000202a4000 JavaThread "TimerQueue" daemon [_thread_blocked, id=8404, stack(0x0000000022800000,0x0000000022900000)]
  0x000000002010d800 JavaThread "Abandoned connection cleanup thread" daemon [_thread_blocked, id=17448, stack(0x0000000021ef0000,0x0000000021ff0000)]
  0x000000001ff1d800 JavaThread "AWT-EventQueue-0" [_thread_blocked, id=15796, stack(0x00000000211f0000,0x00000000212f0000)]
  0x000000001febb800 JavaThread "AWT-Windows" daemon [_thread_in_native, id=3356, stack(0x0000000020900000,0x0000000020a00000)]
  0x000000001febb000 JavaThread "AWT-Shutdown" [_thread_blocked, id=17688, stack(0x0000000020800000,0x0000000020900000)]
  0x000000001feb7800 JavaThread "Java2D Disposer" daemon [_thread_blocked, id=15516, stack(0x0000000020630000,0x0000000020730000)]
  0x000000001f188000 JavaThread "Service Thread" daemon [_thread_blocked, id=16044, stack(0x000000001fb50000,0x000000001fc50000)]
  0x000000001f0e7800 JavaThread "C1 CompilerThread3" daemon [_thread_blocked, id=12908, stack(0x000000001fa50000,0x000000001fb50000)]
=>0x000000001f0e5800 JavaThread "C2 CompilerThread2" daemon [_thread_in_native, id=11204, stack(0x000000001f950000,0x000000001fa50000)]
  0x000000001f0e1800 JavaThread "C2 CompilerThread1" daemon [_thread_blocked, id=17900, stack(0x000000001f850000,0x000000001f950000)]
  0x000000001f0da800 JavaThread "C2 CompilerThread0" daemon [_thread_blocked, id=17588, stack(0x000000001f750000,0x000000001f850000)]
  0x000000001f0d4000 JavaThread "Attach Listener" daemon [_thread_blocked, id=15960, stack(0x000000001f650000,0x000000001f750000)]
  0x000000001f0d3800 JavaThread "Signal Dispatcher" daemon [_thread_blocked, id=15728, stack(0x000000001f550000,0x000000001f650000)]
  0x000000001f070800 JavaThread "Finalizer" daemon [_thread_blocked, id=16112, stack(0x000000001f450000,0x000000001f550000)]
  0x000000001d16d800 JavaThread "Reference Handler" daemon [_thread_blocked, id=18388, stack(0x000000001ef50000,0x000000001f050000)]

Other Threads:
  0x000000001d169800 VMThread [stack: 0x000000001ee50000,0x000000001ef50000] [id=8956]
  0x000000001f1a3800 WatcherThread [stack: 0x000000001fc50000,0x000000001fd50000] [id=7452]

VM state:not at safepoint (normal execution)

VM Mutex/Monitor currently owned by a thread: None

heap address: 0x00000006c1600000, size: 4074 MB, Compressed Oops mode: Zero based, Oop shift amount: 3
Narrow klass base: 0x0000000000000000, Narrow klass shift: 3
Compressed class space size: 1073741824 Address: 0x00000007c0000000

Heap:
 PSYoungGen      total 76288K, used 29277K [0x000000076b200000, 0x0000000770700000, 0x00000007c0000000)
  eden space 65536K, 44% used [0x000000076b200000,0x000000076ce97400,0x000000076f200000)
  from space 10752K, 0% used [0x000000076fc80000,0x000000076fc80000,0x0000000770700000)
  to   space 10752K, 0% used [0x000000076f200000,0x000000076f200000,0x000000076fc80000)
 ParOldGen       total 175104K, used 0K [0x00000006c1600000, 0x00000006cc100000, 0x000000076b200000)
  object space 175104K, 0% used [0x00000006c1600000,0x00000006c1600000,0x00000006cc100000)
 Metaspace       used 14285K, capacity 14538K, committed 14720K, reserved 1062912K
  class space    used 1781K, capacity 1875K, committed 1920K, reserved 1048576K

Card table byte_map: [0x0000000012ae0000,0x00000000132e0000] byte_map_base: 0x000000000f4d5000

Marking Bits: (ParMarkBitMap*) 0x00000000670d4ce0
 Begin Bits: [0x0000000014030000, 0x0000000017fd8000)
 End Bits:   [0x0000000017fd8000, 0x000000001bf80000)

Polling page: 0x0000000000fe0000

CodeCache: size=245760Kb used=3456Kb max_used=3468Kb free=242303Kb
 bounds [0x0000000003720000, 0x0000000003a90000, 0x0000000012720000]
 total_blobs=1553 nmethods=1004 adapters=462
 compilation: enabled

Compilation events (10 events):
Event: 1256.015 Thread 0x000000001f0e7800 nmethod 1000 0x0000000003a7dfd0 code [0x0000000003a7e140, 0x0000000003a7e3d8]
Event: 1266.016 Thread 0x000000001f0e7800 1001   !   3       java.lang.ref.ReferenceQueue::remove (125 bytes)
Event: 1266.017 Thread 0x000000001f0e7800 nmethod 1001 0x0000000003a7d150 code [0x0000000003a7d320, 0x0000000003a7dbd8]
Event: 1276.020 Thread 0x000000001f0e7800 1002   !   3       com.mysql.jdbc.AbandonedConnectionCleanupThread::checkContextClassLoaders (20 bytes)
Event: 1276.021 Thread 0x000000001f0e7800 nmethod 1002 0x0000000003a7ff90 code [0x0000000003a801c0, 0x0000000003a80f38]
Event: 2201.841 Thread 0x000000001f0da800 1003       4       sun.misc.URLClassPath$JarLoader::findResource (18 bytes)
Event: 2201.850 Thread 0x000000001f0da800 nmethod 1003 0x0000000003a7c3d0 code [0x0000000003a7c560, 0x0000000003a7cad0]
Event: 3087.492 Thread 0x000000001f0da800 1004       4       java.lang.String::substring (79 bytes)
Event: 3087.495 Thread 0x000000001f0da800 nmethod 1004 0x0000000003a84810 code [0x0000000003a84980, 0x0000000003a84d98]
Event: 7671.986 Thread 0x000000001f0e5800 1005       4       sun.misc.URLClassPath::findResource (47 bytes)

GC Heap History (0 events):
No events

Deoptimization events (6 events):
Event: 0.184 Thread 0x000000000361e000 Uncommon trap: reason=null_check action=make_not_entrant pc=0x000000000388d214 method=java.lang.String.equals(Ljava/lang/Object;)Z @ 8
Event: 0.415 Thread 0x000000000361e000 Uncommon trap: reason=unstable_if action=reinterpret pc=0x000000000391c628 method=java.util.Properties.loadConvert([CII[C)Ljava/lang/String; @ 4
Event: 0.416 Thread 0x000000000361e000 Uncommon trap: reason=unstable_if action=reinterpret pc=0x0000000003923498 method=java.util.Properties$LineReader.readLine()I @ 252
Event: 0.423 Thread 0x000000000361e000 Uncommon trap: reason=class_check action=maybe_recompile pc=0x0000000003966ffc method=java.util.Properties$LineReader.readLine()I @ 410
Event: 0.574 Thread 0x000000001ff1d800 Uncommon trap: reason=unstable_if action=reinterpret pc=0x0000000003929b80 method=java.lang.CharacterData.of(I)Ljava/lang/CharacterData; @ 4
Event: 0.668 Thread 0x000000001ff1d800 Uncommon trap: reason=unstable_if action=reinterpret pc=0x00000000039b2160 method=java.lang.String.toLowerCase(Ljava/util/Locale;)Ljava/lang/String; @ 37

Classes redefined (0 events):
No events

Internal exceptions (10 events):
Event: 0.317 Thread 0x000000000361e000 Exception <a 'java/security/PrivilegedActionException'> (0x000000076bc81f80) thrown at [C:\re\workspace\8-2-build-windows-amd64-cygwin\jdk8u201\12322\hotspot\src\share\vm\prims\jvm.cpp, line 1502]
Event: 0.317 Thread 0x000000000361e000 Exception <a 'java/security/PrivilegedActionException'> (0x000000076bc82378) thrown at [C:\re\workspace\8-2-build-windows-amd64-cygwin\jdk8u201\12322\hotspot\src\share\vm\prims\jvm.cpp, line 1502]
Event: 0.323 Thread 0x000000000361e000 Exception <a 'java/security/PrivilegedActionException'> (0x000000076bcd4e90) thrown at [C:\re\workspace\8-2-build-windows-amd64-cygwin\jdk8u201\12322\hotspot\src\share\vm\prims\jvm.cpp, line 1502]
Event: 0.323 Thread 0x000000000361e000 Exception <a 'java/security/PrivilegedActionException'> (0x000000076bcd50a0) thrown at [C:\re\workspace\8-2-build-windows-amd64-cygwin\jdk8u201\12322\hotspot\src\share\vm\prims\jvm.cpp, line 1502]
Event: 0.323 Thread 0x000000000361e000 Exception <a 'java/security/PrivilegedActionException'> (0x000000076bcd7830) thrown at [C:\re\workspace\8-2-build-windows-amd64-cygwin\jdk8u201\12322\hotspot\src\share\vm\prims\jvm.cpp, line 1502]
Event: 0.323 Thread 0x000000000361e000 Exception <a 'java/security/PrivilegedActionException'> (0x000000076bcd7c28) thrown at [C:\re\workspace\8-2-build-windows-amd64-cygwin\jdk8u201\12322\hotspot\src\share\vm\prims\jvm.cpp, line 1502]
Event: 0.324 Thread 0x000000000361e000 Exception <a 'java/security/PrivilegedActionException'> (0x000000076bcda668) thrown at [C:\re\workspace\8-2-build-windows-amd64-cygwin\jdk8u201\12322\hotspot\src\share\vm\prims\jvm.cpp, line 1502]
Event: 0.324 Thread 0x000000000361e000 Exception <a 'java/security/PrivilegedActionException'> (0x000000076bcda878) thrown at [C:\re\workspace\8-2-build-windows-amd64-cygwin\jdk8u201\12322\hotspot\src\share\vm\prims\jvm.cpp, line 1502]
Event: 0.324 Thread 0x000000000361e000 Exception <a 'java/security/PrivilegedActionException'> (0x000000076bcdd078) thrown at [C:\re\workspace\8-2-build-windows-amd64-cygwin\jdk8u201\12322\hotspot\src\share\vm\prims\jvm.cpp, line 1502]
Event: 0.324 Thread 0x000000000361e000 Exception <a 'java/security/PrivilegedActionException'> (0x000000076bcdd470) thrown at [C:\re\workspace\8-2-build-windows-amd64-cygwin\jdk8u201\12322\hotspot\src\share\vm\prims\jvm.cpp, line 1502]

Events (10 events):
Event: 1.499 loading class java/awt/LightweightDispatcher$2
Event: 1.499 loading class java/awt/LightweightDispatcher$2 done
Event: 2.380 loading class java/awt/KeyboardFocusManager$2
Event: 2.380 loading class java/awt/KeyboardFocusManager$2 done
Event: 2.380 loading class sun/awt/SunToolkit$1
Event: 2.380 loading class sun/awt/SunToolkit$1 done
Event: 3.355 loading class javax/swing/Timer$1
Event: 3.355 loading class javax/swing/Timer$1 done
Event: 4.113 Executing VM operation: EnableBiasedLocking
Event: 4.113 Executing VM operation: EnableBiasedLocking done


Dynamic libraries:
0x00007ff7a0cc0000 - 0x00007ff7a0cf7000 	C:\Program Files\Java\jre1.8.0_201\bin\javaw.exe
0x00007ff85ed60000 - 0x00007ff85ef41000 	C:\WINDOWS\SYSTEM32\ntdll.dll
0x00007ff85c6b0000 - 0x00007ff85c761000 	C:\WINDOWS\System32\KERNEL32.DLL
0x00007ff85b7e0000 - 0x00007ff85ba53000 	C:\WINDOWS\System32\KERNELBASE.dll
0x00007ff85ec00000 - 0x00007ff85eca1000 	C:\WINDOWS\System32\ADVAPI32.dll
0x00007ff85ce40000 - 0x00007ff85cede000 	C:\WINDOWS\System32\msvcrt.dll
0x00007ff85e7f0000 - 0x00007ff85e84b000 	C:\WINDOWS\System32\sechost.dll
0x00007ff85e850000 - 0x00007ff85e974000 	C:\WINDOWS\System32\RPCRT4.dll
0x00007ff85c520000 - 0x00007ff85c6b0000 	C:\WINDOWS\System32\USER32.dll
0x00007ff85b130000 - 0x00007ff85b150000 	C:\WINDOWS\System32\win32u.dll
0x00007ff85e980000 - 0x00007ff85e9a8000 	C:\WINDOWS\System32\GDI32.dll
0x00007ff85b490000 - 0x00007ff85b622000 	C:\WINDOWS\System32\gdi32full.dll
0x00007ff85b200000 - 0x00007ff85b29f000 	C:\WINDOWS\System32\msvcp_win.dll
0x00007ff85b6e0000 - 0x00007ff85b7d8000 	C:\WINDOWS\System32\ucrtbase.dll
0x00007ff847d70000 - 0x00007ff847fd9000 	C:\WINDOWS\WinSxS\amd64_microsoft.windows.common-controls_6595b64144ccf1df_6.0.17134.765_none_fb42a1a930655896\COMCTL32.dll
0x00007ff85c1f0000 - 0x00007ff85c512000 	C:\WINDOWS\System32\combase.dll
0x00007ff85ba60000 - 0x00007ff85bada000 	C:\WINDOWS\System32\bcryptPrimitives.dll
0x00007ff85c770000 - 0x00007ff85c79d000 	C:\WINDOWS\System32\IMM32.DLL
0x0000000067c90000 - 0x0000000067d61000 	C:\Program Files\Java\jre1.8.0_201\bin\msvcr100.dll
0x00000000668b0000 - 0x0000000067154000 	C:\Program Files\Java\jre1.8.0_201\bin\server\jvm.dll
0x00007ff85cd90000 - 0x00007ff85cd98000 	C:\WINDOWS\System32\PSAPI.DLL
0x00007ff856080000 - 0x00007ff856089000 	C:\WINDOWS\SYSTEM32\WSOCK32.dll
0x00007ff8549e0000 - 0x00007ff8549ea000 	C:\WINDOWS\SYSTEM32\VERSION.dll
0x00007ff850670000 - 0x00007ff850693000 	C:\WINDOWS\SYSTEM32\WINMM.dll
0x00007ff85ea80000 - 0x00007ff85eaec000 	C:\WINDOWS\System32\WS2_32.dll
0x00007ff84f580000 - 0x00007ff84f5aa000 	C:\WINDOWS\SYSTEM32\winmmbase.dll
0x00007ff85b630000 - 0x00007ff85b679000 	C:\WINDOWS\System32\cfgmgr32.dll
0x00007ff8504f0000 - 0x00007ff8504ff000 	C:\Program Files\Java\jre1.8.0_201\bin\verify.dll
0x00007ff8502b0000 - 0x00007ff8502d9000 	C:\Program Files\Java\jre1.8.0_201\bin\java.dll
0x00007ff8504d0000 - 0x00007ff8504e6000 	C:\Program Files\Java\jre1.8.0_201\bin\zip.dll
0x00007ff85d2c0000 - 0x00007ff85e700000 	C:\WINDOWS\System32\SHELL32.dll
0x00007ff85eb50000 - 0x00007ff85ebf9000 	C:\WINDOWS\System32\shcore.dll
0x00007ff85bae0000 - 0x00007ff85c1ed000 	C:\WINDOWS\System32\windows.storage.dll
0x00007ff85eaf0000 - 0x00007ff85eb41000 	C:\WINDOWS\System32\shlwapi.dll
0x00007ff85b090000 - 0x00007ff85b0a1000 	C:\WINDOWS\System32\kernel.appcore.dll
0x00007ff85b070000 - 0x00007ff85b08f000 	C:\WINDOWS\System32\profapi.dll
0x00007ff85b0b0000 - 0x00007ff85b0fc000 	C:\WINDOWS\System32\powrprof.dll
0x00007ff85b100000 - 0x00007ff85b10a000 	C:\WINDOWS\System32\FLTLIB.DLL
0x00007ff82bd50000 - 0x00007ff82bee9000 	C:\Program Files\Java\jre1.8.0_201\bin\awt.dll
0x00007ff85d1f0000 - 0x00007ff85d2b2000 	C:\WINDOWS\System32\OLEAUT32.dll
0x00007ff8594d0000 - 0x00007ff85955b000 	C:\WINDOWS\SYSTEM32\apphelp.dll
0x00007ff859810000 - 0x00007ff859839000 	C:\WINDOWS\system32\DWMAPI.DLL
0x00007ff859740000 - 0x00007ff8597d8000 	C:\WINDOWS\system32\uxtheme.dll
0x00007ff846190000 - 0x00007ff8462b0000 	C:\WINDOWS\system32\opengl32.dll
0x00007ff849990000 - 0x00007ff8499bc000 	C:\WINDOWS\SYSTEM32\GLU32.dll
0x00007ff85cee0000 - 0x00007ff85d053000 	C:\WINDOWS\System32\MSCTF.dll
0x00007ff85d060000 - 0x00007ff85d1b1000 	C:\WINDOWS\System32\ole32.dll
0x00007ff849af0000 - 0x00007ff849b37000 	C:\Program Files\Java\jre1.8.0_201\bin\fontmanager.dll
0x00007ff854cb0000 - 0x00007ff854d46000 	C:\WINDOWS\System32\TextInputFramework.dll
0x00007ff84e820000 - 0x00007ff84eb3e000 	C:\WINDOWS\System32\CoreUIComponents.dll
0x00007ff8592d0000 - 0x00007ff8593aa000 	C:\WINDOWS\System32\CoreMessaging.dll
0x00007ff85a160000 - 0x00007ff85a191000 	C:\WINDOWS\SYSTEM32\ntmarta.dll
0x00007ff8555b0000 - 0x00007ff8556fd000 	C:\WINDOWS\SYSTEM32\wintypes.dll
0x00007ff850180000 - 0x00007ff85019a000 	C:\Program Files\Java\jre1.8.0_201\bin\net.dll
0x00007ff852f20000 - 0x00007ff8530e8000 	C:\WINDOWS\SYSTEM32\urlmon.dll
0x00007ff852630000 - 0x00007ff8528d7000 	C:\WINDOWS\SYSTEM32\iertutil.dll
0x00007ff85aa60000 - 0x00007ff85aa6b000 	C:\WINDOWS\SYSTEM32\CRYPTBASE.DLL
0x00007ff85a890000 - 0x00007ff85a8f6000 	C:\WINDOWS\system32\mswsock.dll
0x00007ff850000000 - 0x00007ff850011000 	C:\Program Files\Java\jre1.8.0_201\bin\nio.dll
0x00007ff839aa0000 - 0x00007ff839ae2000 	C:\Program Files\Java\jre1.8.0_201\bin\t2k.dll
0x00007ff85a650000 - 0x00007ff85a70e000 	C:\WINDOWS\SYSTEM32\DNSAPI.dll
0x00007ff85d1c0000 - 0x00007ff85d1c8000 	C:\WINDOWS\System32\NSI.dll
0x00007ff85a610000 - 0x00007ff85a648000 	C:\WINDOWS\SYSTEM32\IPHLPAPI.DLL
0x00007ff855d30000 - 0x00007ff855d3a000 	C:\Windows\System32\rasadhlp.dll
0x00007ff856260000 - 0x00007ff8562d2000 	C:\WINDOWS\System32\fwpuclnt.dll
0x00007ff85ab70000 - 0x00007ff85ab95000 	C:\WINDOWS\SYSTEM32\bcrypt.dll
0x00007ff85cda0000 - 0x00007ff85ce40000 	C:\WINDOWS\System32\clbcatq.dll
0x00007ff84b910000 - 0x00007ff84b9e1000 	C:\Windows\System32\IME\IMEKR\imkrtip.dll
0x00007ff856460000 - 0x00007ff856614000 	C:\WINDOWS\SYSTEM32\PROPSYS.dll
0x00007ff837b70000 - 0x00007ff837cc6000 	C:\Windows\System32\IME\shared\imetip.dll
0x00007ff854030000 - 0x00007ff85409b000 	C:\WINDOWS\SYSTEM32\OLEACC.dll
0x00007ff836740000 - 0x00007ff8368eb000 	C:\WINDOWS\SYSTEM32\DUI70.dll
0x00007ff84fdf0000 - 0x00007ff84fe2d000 	C:\Windows\System32\IME\IMEKR\imkrapi.dll
0x00007ff84f4e0000 - 0x00007ff84f520000 	C:\Windows\System32\IME\shared\imjkapi.dll
0x00007ff84eed0000 - 0x00007ff84f07e000 	C:\WINDOWS\SYSTEM32\WindowsCodecs.dll
0x00007ff844e10000 - 0x00007ff844e68000 	C:\WINDOWS\system32\dataexchange.dll
0x00007ff858df0000 - 0x00007ff858f8c000 	C:\WINDOWS\system32\dcomp.dll
0x00007ff858510000 - 0x00007ff85881b000 	C:\WINDOWS\system32\d3d11.dll
0x00007ff859e30000 - 0x00007ff859eeb000 	C:\WINDOWS\system32\dxgi.dll
0x00007ff859870000 - 0x00007ff859a28000 	C:\WINDOWS\system32\twinapi.appcore.dll
0x00007ff859840000 - 0x00007ff859869000 	C:\WINDOWS\system32\RMCLIENT.dll

VM Arguments:
jvm_args: -Dfile.encoding=MS949 
java_command: PC.SignUp
java_class_path (initial): D:\jcy\project\bin;C:\Program Files\Java\mysql-connector-java-5.1.45 (1).jar
Launcher Type: SUN_STANDARD

Environment Variables:
PATH=C:/Program Files/Java/jre1.8.0_201/bin/server;C:/Program Files/Java/jre1.8.0_201/bin;C:/Program Files/Java/jre1.8.0_201/lib/amd64;C:\Program Files (x86)\Common Files\Oracle\Java\javapath;C:\Program Files (x86)\Intel\iCLS Client\;C:\Program Files\Intel\iCLS Client\;C:\WINDOWS\system32;C:\WINDOWS;C:\WINDOWS\System32\Wbem;C:\WINDOWS\System32\WindowsPowerShell\v1.0\;C:\Program Files (x86)\Intel\Intel(R) Management Engine Components\DAL;C:\Program Files\Intel\Intel(R) Management Engine Components\DAL;C:\Program Files (x86)\Intel\Intel(R) Management Engine Components\IPT;C:\Program Files\Intel\Intel(R) Management Engine Components\IPT;C:\WINDOWS\System32\OpenSSH\;C:\Users\user\AppData\Local\Programs\Python\Python36\Scripts\;C:\Users\user\AppData\Local\Programs\Python\Python36\;C:\Users\user\Anaconda3;C:\Users\user\Anaconda3\Library\mingw-w64\bin;C:\Users\user\Anaconda3\Library\usr\bin;C:\Users\user\Anaconda3\Library\bin;C:\Users\user\Anaconda3\Scripts;C:\Users\user\AppData\Local\Microsoft\WindowsApps;C:\Program Files\Bandizip\;C:\Program Files\JetBrains\PyCharm Community Edition 2019.1.1\bin;;C:\Users\user\Desktop;
USERNAME=user
OS=Windows_NT
PROCESSOR_IDENTIFIER=Intel64 Family 6 Model 158 Stepping 9, GenuineIntel



---------------  S Y S T E M  ---------------

OS: Windows 10.0 , 64 bit Build 17134 (10.0.17134.753)

CPU:total 8 (initial active 8) (4 cores per cpu, 2 threads per core) family 6 model 158 stepping 9, cmov, cx8, fxsr, mmx, sse, sse2, sse3, ssse3, sse4.1, sse4.2, popcnt, avx, avx2, aes, clmul, erms, rtm, 3dnowpref, lzcnt, ht, tsc, tscinvbit, bmi1, bmi2, adx

Memory: 4k page, physical 16687008k(9219116k free), swap 45098652k(1040k free)

vm_info: Java HotSpot(TM) 64-Bit Server VM (25.201-b09) for windows-amd64 JRE (1.8.0_201-b09), built on Dec 15 2018 18:36:39 by "java_re" with MS VC++ 10.0 (VS2010)

time: Thu May 16 13:00:12 2019
timezone: 대한민국 표준시
elapsed time: 7672 seconds (0d 2h 7m 52s)

