JvmtiExport can_access_local_variables 0
JvmtiExport can_hotswap_or_post_breakpoint 0
JvmtiExport can_post_on_exceptions 0
# 295 ciObject found
ciMethod java/lang/Object <init> ()V 4097 1 60130 0 0
ciMethod java/lang/String <init> ([C)V 3081 1 564 0 0
ciMethod java/lang/String <init> ([CII)V 2057 1 5436 0 -1
ciMethod java/lang/String <init> ([CZ)V 1761 1 1854 0 0
ciMethod java/lang/String length ()I 4097 1 53332 0 64
ciMethod java/lang/String charAt (I)C 4097 1 164509 0 160
ciMethod java/lang/String getChars (II[CI)V 2625 1 5457 0 320
ciMethod java/lang/String equals (Ljava/lang/Object;)Z 2121 9305 2510 0 -1
ciMethod java/lang/String equalsIgnoreCase (Ljava/lang/String;)Z 2161 1 704 0 -1
ciMethod java/lang/String regionMatches (ZILjava/lang/String;II)Z 2073 1785 3647 0 -1
ciMethod java/lang/String startsWith (Ljava/lang/String;I)Z 2049 1121 5540 0 416
ciMethod java/lang/String startsWith (Ljava/lang/String;)Z 2401 1 22757 0 352
ciMethod java/lang/String endsWith (Ljava/lang/String;)Z 3265 1 7221 0 0
ciMethod java/lang/String indexOf (I)I 2057 1 7636 0 0
ciMethod java/lang/String indexOf (II)I 1049 27185 771 0 384
ciMethod java/lang/String indexOfSupplementary (II)I 0 0 1 0 -1
ciMethod java/lang/String indexOf (Ljava/lang/String;)I 3017 1 4677 0 -1
ciMethod java/lang/String substring (II)Ljava/lang/String; 2273 1 5404 0 -1
ciMethod java/lang/String replace (CC)Ljava/lang/String; 1081 25561 752 0 1216
ciMethod java/lang/String toLowerCase ()Ljava/lang/String; 1057 1 750 0 -1
ciMethod java/lang/String toCharArray ()[C 4097 1 2520 0 -1
ciMethod java/lang/System getSecurityManager ()Ljava/lang/SecurityManager; 2049 1 7037 0 0
ciMethod java/lang/System arraycopy (Ljava/lang/Object;ILjava/lang/Object;II)V 7169 1 896 0 -1
ciMethod java/lang/SecurityManager checkPermission (Ljava/security/Permission;)V 0 0 1 0 -1
ciMethod java/lang/SecurityManager checkRead (Ljava/lang/String;)V 0 0 1 0 -1
ciMethod java/lang/SecurityManager checkConnect (Ljava/lang/String;I)V 0 0 1 0 -1
ciMethod java/lang/StringBuffer <init> (I)V 265 1 222 0 -1
ciMethod java/lang/StringBuffer length ()I 137 1 17 0 -1
ciMethod java/lang/StringBuffer charAt (I)C 0 0 1 0 -1
ciMethod java/lang/StringBuffer append (Ljava/lang/String;)Ljava/lang/StringBuffer; 2089 1 542 0 -1
ciMethod java/lang/StringBuffer append (C)Ljava/lang/StringBuffer; 4009 1 3827 0 -1
ciMethod java/lang/StringBuffer toString ()Ljava/lang/String; 249 1 649 0 -1
ciMethod java/io/File isInvalid ()Z 2057 1 2568 0 0
ciMethod java/io/File <init> (Ljava/io/File;Ljava/lang/String;)V 2049 1 1863 0 0
ciMethod java/io/File getPath ()Ljava/lang/String; 1033 1 129 0 -1
ciMethod java/io/File getCanonicalFile ()Ljava/io/File; 201 1 25 0 -1
ciMethod java/io/File exists ()Z 2049 1 1745 0 0
ciMethod java/net/URL <init> (Ljava/net/URL;Ljava/lang/String;)V 2073 1 3472 0 0
ciMethod java/net/URL <init> (Ljava/net/URL;Ljava/lang/String;Ljava/net/URLStreamHandler;)V 2073 6121 3472 0 -1
ciMethod java/net/URL isValidProtocol (Ljava/lang/String;)Z 25 73 3 0 -1
ciMethod java/net/URL checkSpecifyHandler (Ljava/lang/SecurityManager;)V 0 0 1 0 -1
ciMethod java/net/URL getPort ()I 1025 1 128 0 -1
ciMethod java/net/URL getHost ()Ljava/lang/String; 1257 1 157 0 -1
ciMethod java/net/URL getFile ()Ljava/lang/String; 1041 1 130 0 0
ciMethod java/net/URL openConnection ()Ljava/net/URLConnection; 105 1 13 0 -1
ciMethod java/net/URL getURLStreamHandler (Ljava/lang/String;)Ljava/net/URLStreamHandler; 201 9 25 0 -1
ciMethod java/security/Permission getName ()Ljava/lang/String; 81 1 10 0 -1
ciMethod java/security/Permission getActions ()Ljava/lang/String; 0 0 1 0 -1
ciMethod java/security/AccessController doPrivileged (Ljava/security/PrivilegedExceptionAction;Ljava/security/AccessControlContext;)Ljava/lang/Object; 2049 1 256 14 -1
ciMethod java/util/Vector size ()I 1025 1 128 0 0
ciMethod java/util/Stack pop ()Ljava/lang/Object; 225 1 28 0 -1
ciMethod java/util/Stack empty ()Z 417 1 485 0 0
ciMethod java/util/ArrayList size ()I 1089 1 136 0 0
ciMethod java/util/ArrayList elementData (I)Ljava/lang/Object; 2049 1 7178 0 0
ciMethod java/util/ArrayList get (I)Ljava/lang/Object; 2057 1 6845 0 0
ciMethod java/util/ArrayList add (Ljava/lang/Object;)Z 3073 1 2724 0 -1
ciMethod java/util/ArrayList rangeCheck (I)V 2049 1 7178 0 0
ciMethod java/util/HashMap containsKey (Ljava/lang/Object;)Z 2233 1 1414 0 -1
ciMethod java/util/HashMap put (Ljava/lang/Object;Ljava/lang/Object;)Ljava/lang/Object; 2937 1 5537 0 -1
ciMethod java/lang/Math min (II)I 3505 1 21310 0 -1
ciMethod java/util/Arrays copyOf ([CI)[C 1153 1 6031 0 0
ciMethodData java/lang/String charAt (I)C 2 164509 orig 264 88 131 233 102 0 0 0 0 240 59 120 28 0 0 0 0 120 1 0 0 32 0 0 0 0 0 0 0 0 0 0 0 0 0 0 0 0 0 0 0 0 0 0 0 0 0 0 0 0 0 0 0 0 0 0 0 0 0 0 0 0 0 0 0 0 0 0 0 0 0 0 0 0 0 0 0 0 0 0 0 77 68 79 32 101 120 116 114 97 32 100 97 116 97 32 108 111 99 107 0 0 0 0 0 0 0 0 0 0 0 0 0 0 0 0 0 0 0 0 0 0 0 0 0 0 0 0 0 0 0 0 0 0 0 0 0 0 0 0 0 0 0 0 0 0 0 0 0 0 0 0 0 0 0 0 0 0 0 0 0 0 0 0 0 0 0 0 0 0 0 0 0 0 0 0 0 0 0 0 0 0 0 0 0 0 0 0 0 0 0 0 0 0 0 0 0 0 0 0 0 0 0 0 0 0 0 0 0 0 0 0 0 0 0 0 0 0 2 0 0 233 4 20 0 1 0 0 0 0 0 0 0 0 0 0 0 2 0 0 0 0 0 0 0 0 0 0 0 80 0 0 0 255 255 255 255 7 0 1 0 0 0 0 0 data 10 0x10007 0x0 0x40 0x2809d 0xa0007 0x2809d 0x30 0x0 0x120002 0x0 oops 0
ciMethodData java/lang/String length ()I 2 53332 orig 264 88 131 233 102 0 0 0 0 176 58 120 28 0 0 0 0 32 1 0 0 0 0 0 0 0 0 0 0 0 0 0 0 0 0 0 0 0 0 0 0 0 0 0 0 0 0 0 0 0 0 0 0 0 0 0 0 0 0 0 0 0 0 0 0 0 0 0 0 0 0 0 0 0 0 0 0 0 0 0 0 77 68 79 32 101 120 116 114 97 32 100 97 116 97 32 108 111 99 107 0 0 0 0 0 0 0 0 0 0 0 0 0 0 0 0 0 0 0 0 0 0 0 0 0 0 0 0 0 0 0 0 0 0 0 0 0 0 0 0 0 0 0 0 0 0 0 0 0 0 0 0 0 0 0 0 0 0 0 0 0 0 0 0 0 0 0 0 0 0 0 0 0 0 0 0 0 0 0 0 0 0 0 0 0 0 0 0 0 0 0 0 0 0 0 0 0 0 0 0 0 0 0 0 0 0 0 0 0 0 0 0 0 0 0 0 0 0 2 0 0 161 114 6 0 1 0 0 0 0 0 0 0 0 0 0 0 2 0 0 0 0 0 0 0 0 0 0 0 0 0 0 0 255 255 255 255 0 0 0 0 0 0 0 0 data 0 oops 0
ciMethodData java/lang/Object <init> ()V 2 60130 orig 264 88 131 233 102 0 0 0 0 104 4 120 28 0 0 0 0 32 1 0 0 0 0 0 0 0 0 0 0 0 0 0 0 0 0 0 0 0 0 0 0 0 0 0 0 0 0 0 0 0 0 0 0 0 0 0 0 0 0 0 0 0 0 0 0 0 0 0 0 0 0 0 0 0 0 0 0 0 0 0 0 77 68 79 32 101 120 116 114 97 32 100 97 116 97 32 108 111 99 107 0 0 0 0 0 0 0 0 0 0 0 0 0 0 0 0 0 0 0 0 0 0 0 0 0 0 0 0 0 0 0 0 0 0 0 0 0 0 0 0 0 0 0 0 0 0 0 0 0 0 0 0 0 0 0 0 0 0 0 0 0 0 0 0 0 0 0 0 0 0 0 0 0 0 0 0 0 0 0 0 0 0 0 0 0 1 0 0 0 0 0 0 0 1 0 0 0 0 0 0 0 1 0 0 0 0 0 0 0 0 0 0 0 0 0 0 0 0 2 0 0 17 71 7 0 1 0 0 0 0 0 0 0 0 0 0 0 2 0 0 0 0 0 3 0 1 0 0 0 0 0 0 0 255 255 255 255 0 0 0 0 0 0 0 0 data 0 oops 0
ciMethod java/io/WinNTFileSystem isSlash (C)Z 3897 1 3274 0 -1
ciMethod java/io/WinNTFileSystem isLetter (C)Z 2049 1 2857 0 0
ciMethod java/io/WinNTFileSystem normalize (Ljava/lang/String;)Ljava/lang/String; 841 16449 922 0 864
ciMethod java/io/WinNTFileSystem normalize (Ljava/lang/String;II)Ljava/lang/String; 217 9409 60 0 0
ciMethod java/io/WinNTFileSystem normalizePrefix (Ljava/lang/String;ILjava/lang/StringBuffer;)I 481 481 60 0 -1
ciMethod java/io/WinNTFileSystem prefixLength (Ljava/lang/String;)I 2049 1 2798 0 0
ciMethod java/io/WinNTFileSystem resolve (Ljava/lang/String;Ljava/lang/String;)Ljava/lang/String; 2049 1 1937 0 0
ciMethod java/io/WinNTFileSystem getBooleanAttributes (Ljava/io/File;)I 2049 1 256 0 -1
ciMethod java/io/FileSystem normalize (Ljava/lang/String;)Ljava/lang/String; 0 0 1 0 -1
ciMethod java/io/FileSystem prefixLength (Ljava/lang/String;)I 0 0 1 0 -1
ciMethod java/io/FileSystem resolve (Ljava/lang/String;Ljava/lang/String;)Ljava/lang/String; 0 0 1 0 -1
ciMethod java/io/FileSystem getDefaultParent ()Ljava/lang/String; 0 0 1 0 -1
ciMethod java/io/FileSystem getBooleanAttributes (Ljava/io/File;)I 0 0 1 0 -1
ciMethod sun/misc/MetaIndex mayContain (Ljava/lang/String;)Z 1801 8281 3299 0 800
ciMethod sun/net/www/ParseUtil encodePath (Ljava/lang/String;Z)Ljava/lang/String; 1025 38689 1812 0 -1
ciMethod sun/net/www/ParseUtil escape ([CCI)I 177 1 22 0 -1
ciMethod java/util/BitSet get (I)Z 2065 1 464 0 -1
ciMethod java/net/URLStreamHandler parseURL (Ljava/net/URL;Ljava/lang/String;II)V 2057 1 3357 0 -1
ciMethod java/util/HashSet <init> ()V 153 1 447 0 -1
ciMethod sun/misc/URLClassPath findResource (Ljava/lang/String;Z)Ljava/net/URL; 2737 16457 3074 0 -1
ciMethod sun/misc/URLClassPath getLookupCacheForClassLoader (Ljava/lang/ClassLoader;Ljava/lang/String;)[I 0 0 1 0 -1
ciMethod sun/misc/URLClassPath getLookupCache (Ljava/lang/String;)[I 2057 1 4894 0 0
ciMethod sun/misc/URLClassPath ensureLoaderOpened (I)Z 0 0 1 0 -1
ciMethod sun/misc/URLClassPath validateLookupCache (ILjava/lang/String;)V 161 1 20 0 -1
ciMethod sun/misc/URLClassPath getNextLoader ([II)Lsun/misc/URLClassPath$Loader; 2089 1 5395 0 1856
ciMethod sun/misc/URLClassPath getLoader (I)Lsun/misc/URLClassPath$Loader; 2089 169 5395 0 0
ciMethod sun/misc/URLClassPath getLoader (Ljava/net/URL;)Lsun/misc/URLClassPath$Loader; 177 1 22 2 -1
ciMethod sun/misc/URLClassPath push ([Ljava/net/URL;)V 25 177 3 0 -1
ciMethod sun/misc/URLClassPath check (Ljava/net/URL;)V 1929 1 3077 0 0
ciMethod sun/net/util/URLUtil urlNoFragString (Ljava/net/URL;)Ljava/lang/String; 209 1 35 0 -1
ciMethod sun/misc/URLClassPath$JarLoader ensureOpen ()V 41 1 130 7 0
ciMethod sun/misc/URLClassPath$JarLoader checkResource (Ljava/lang/String;ZLjava/util/jar/JarEntry;)Lsun/misc/Resource; 9 1 115 0 -1
ciMethod sun/misc/URLClassPath$JarLoader findResource (Ljava/lang/String;Z)Ljava/net/URL; 2049 1 5380 0 1280
ciMethod sun/misc/URLClassPath$JarLoader getResource (Ljava/lang/String;Z)Lsun/misc/Resource; 2137 1 5395 0 1248
ciMethod sun/misc/URLClassPath$JarLoader getResource (Ljava/lang/String;ZLjava/util/Set;)Lsun/misc/Resource; 9 1 6 0 -1
ciMethod sun/misc/URLClassPath$Loader getBaseURL ()Ljava/net/URL; 1033 1 129 0 0
ciMethod sun/misc/URLClassPath$Loader findResource (Ljava/lang/String;Z)Ljava/net/URL; 0 0 1 0 -1
ciMethod sun/misc/URLClassPath$Loader getClassPath ()[Ljava/net/URL; 9 1 1 0 -1
ciMethodData java/util/Arrays copyOf ([CI)[C 2 6031 orig 264 88 131 233 102 0 0 0 0 8 10 137 28 0 0 0 0 112 1 0 0 0 0 0 0 0 0 0 0 0 0 0 0 0 0 0 0 0 0 0 0 0 0 0 0 0 0 0 0 0 0 0 0 0 0 0 0 0 0 0 0 0 0 0 0 0 0 0 0 0 0 0 0 0 0 0 0 0 0 0 0 77 68 79 32 101 120 116 114 97 32 100 97 116 97 32 108 111 99 107 0 0 0 0 0 0 0 0 0 0 0 0 0 0 0 0 0 0 0 0 0 0 0 0 0 0 0 0 0 0 0 0 0 0 0 0 0 0 0 0 0 0 0 0 0 0 0 0 0 0 0 0 0 0 0 0 0 0 0 0 0 0 0 0 0 0 0 0 0 0 0 0 0 0 0 0 0 0 0 0 0 0 0 0 0 0 0 0 0 0 0 0 0 0 0 0 0 0 0 0 0 0 0 0 0 0 0 0 0 0 0 0 0 0 0 0 0 144 0 0 0 249 183 0 0 1 0 0 0 0 0 0 0 0 0 0 0 2 0 0 0 0 0 7 0 2 0 0 0 32 0 0 0 255 255 255 255 2 0 11 0 0 0 0 0 data 4 0xb0002 0x16ff 0xe0002 0x16ff oops 0
ciMethodData java/lang/String indexOf (II)I 2 20152 orig 264 88 131 233 102 0 0 0 0 136 78 120 28 0 0 0 0 16 2 0 0 88 0 0 0 0 0 0 0 0 0 0 0 0 0 0 0 0 0 0 0 0 0 0 0 0 0 0 0 0 0 0 0 0 0 0 0 0 0 0 0 0 0 0 0 0 0 0 0 0 0 0 0 0 0 0 0 0 0 0 0 77 68 79 32 101 120 116 114 97 32 100 97 116 97 32 108 111 99 107 0 0 0 0 0 0 0 0 0 0 0 0 0 0 0 0 0 0 0 0 0 0 0 0 0 0 0 0 0 0 0 0 0 0 0 0 0 0 0 0 0 0 0 0 0 0 0 0 0 0 0 0 0 0 0 0 0 0 0 0 0 0 0 0 0 0 0 0 0 0 0 0 0 0 0 0 0 0 0 0 0 0 0 0 0 0 0 0 0 0 0 0 0 0 0 0 0 0 0 0 0 0 0 0 0 0 0 0 0 0 0 0 0 0 0 0 0 70 13 0 0 1 20 0 0 145 11 2 0 0 0 0 0 0 0 0 0 2 0 0 0 1 0 15 0 2 0 0 0 224 0 0 0 255 255 255 255 7 0 7 0 0 0 0 0 data 28 0x70007 0x280 0x38 0x0 0xc0003 0x0 0x38 0x110007 0x266 0x20 0x1a 0x190007 0x0 0x78 0x266 0x280007 0x15a 0x58 0x427e 0x310007 0x4172 0x20 0x10c 0x3a0003 0x4172 0xffffffffffffffc0 0x420002 0x0 oops 0
ciMethodData java/lang/String getChars (II[CI)V 2 5457 orig 264 88 131 233 102 0 0 0 0 16 64 120 28 0 0 0 0 8 2 0 0 128 0 0 0 0 0 0 0 0 0 0 0 0 0 0 0 0 0 0 0 0 0 0 0 0 0 0 0 0 0 0 0 0 0 0 0 0 0 0 0 0 0 0 0 0 0 0 0 0 0 0 0 0 0 0 0 0 0 0 0 77 68 79 32 101 120 116 114 97 32 100 97 116 97 32 108 111 99 107 0 0 0 0 0 0 0 0 0 0 0 0 0 0 0 0 0 0 0 0 0 0 0 0 0 0 0 0 0 0 0 0 0 0 0 0 0 0 0 0 0 0 0 0 0 0 0 0 0 0 0 0 0 0 0 0 0 0 0 0 0 0 0 0 0 0 0 0 0 0 0 0 0 0 0 0 0 0 0 0 0 0 0 0 0 0 0 0 0 0 0 0 0 0 0 0 0 0 0 0 0 0 0 0 0 0 0 0 0 0 0 0 0 0 0 0 0 72 1 0 0 73 160 0 0 1 0 0 0 0 0 0 0 0 0 0 0 2 0 0 0 0 0 9 0 2 0 0 0 160 0 0 0 255 255 255 255 7 0 1 0 0 0 0 0 data 20 0x10007 0x1409 0x30 0x0 0x90002 0x0 0x130007 0x1409 0x30 0x0 0x1b0002 0x0 0x210007 0x1409 0x30 0x0 0x2b0002 0x0 0x3a0002 0x1409 oops 0
ciMethod sun/misc/URLClassPath$FileLoader findResource (Ljava/lang/String;Z)Ljava/net/URL; 2049 1 1538 0 0
ciMethod sun/misc/URLClassPath$FileLoader getResource (Ljava/lang/String;Z)Lsun/misc/Resource; 2049 1 1674 0 0
ciMethod sun/misc/URLClassPath$FileLoader$1 <init> (Lsun/misc/URLClassPath$FileLoader;Ljava/lang/String;Ljava/net/URL;Ljava/io/File;)V 1097 1 1555 0 0
ciMethod sun/misc/URLClassPath$FileLoader$1 getURL ()Ljava/net/URL; 1025 1 128 0 0
ciMethod sun/misc/Resource <init> ()V 2017 1 1670 0 0
ciMethod sun/misc/Resource getURL ()Ljava/net/URL; 0 0 1 0 -1
ciMethod java/net/URLConnection getPermission ()Ljava/security/Permission; 0 0 1 0 -1
ciMethodData java/lang/System getSecurityManager ()Ljava/lang/SecurityManager; 2 7037 orig 264 88 131 233 102 0 0 0 0 8 135 121 28 0 0 0 0 24 1 0 0 0 0 0 0 0 0 0 0 0 0 0 0 0 0 0 0 0 0 0 0 0 0 0 0 0 0 0 0 0 0 0 0 0 0 0 0 0 0 0 0 0 0 0 0 0 0 0 0 0 0 0 0 0 0 0 0 0 0 0 0 77 68 79 32 101 120 116 114 97 32 100 97 116 97 32 108 111 99 107 0 0 0 0 0 0 0 0 0 0 0 0 0 0 0 0 0 0 0 0 0 0 0 0 0 0 0 0 0 0 0 0 0 0 0 0 0 0 0 0 0 0 0 0 0 0 0 0 0 0 0 0 0 0 0 0 0 0 0 0 0 0 0 0 0 0 0 0 0 0 0 0 0 0 0 0 0 0 0 0 0 0 0 0 0 0 0 0 0 0 0 0 0 0 0 0 0 0 0 0 0 0 0 0 0 0 0 0 0 0 0 0 0 0 0 0 0 0 1 0 0 233 211 0 0 1 0 0 0 0 0 0 0 0 0 0 0 2 0 0 0 0 0 3 0 1 0 0 0 0 0 0 0 255 255 255 255 0 0 0 0 0 0 0 0 data 0 oops 0
ciMethodData java/lang/String startsWith (Ljava/lang/String;I)Z 2 11299 orig 264 88 131 233 102 0 0 0 0 56 75 120 28 0 0 0 0 176 1 0 0 32 0 0 0 0 0 0 0 0 0 0 0 0 0 0 0 0 0 0 0 0 0 0 0 0 0 0 0 0 0 0 0 0 0 0 0 0 0 0 0 0 0 0 0 0 0 0 0 0 0 0 0 0 0 0 0 0 0 0 0 77 68 79 32 101 120 116 114 97 32 100 97 116 97 32 108 111 99 107 0 0 0 0 0 0 0 0 0 0 0 0 0 0 0 0 0 0 0 0 0 0 0 0 0 0 0 0 0 0 0 0 0 0 0 0 0 0 0 0 0 0 0 0 0 0 0 0 0 0 0 0 0 0 0 0 0 0 0 0 0 0 0 0 0 0 0 0 0 0 0 0 0 0 0 0 0 0 0 0 0 0 0 0 0 0 0 0 0 0 0 0 0 0 0 0 0 0 0 0 0 0 0 0 0 0 0 0 0 0 0 0 0 0 0 0 0 0 1 0 0 33 165 0 0 185 92 1 0 0 0 0 0 0 0 0 0 2 0 0 0 1 0 13 0 2 0 0 0 128 0 0 0 255 255 255 255 7 0 25 0 0 0 0 0 data 16 0x190007 0x51 0x40 0x1453 0x250007 0x1197 0x20 0x2bc 0x2f0007 0x260 0x40 0x2b99 0x410007 0x1c62 0xffffffffffffffe0 0xf37 oops 0
ciMethodData java/lang/String indexOf (I)I 2 7636 orig 264 88 131 233 102 0 0 0 0 184 77 120 28 0 0 0 0 128 1 0 0 0 0 0 0 0 0 0 0 0 0 0 0 0 0 0 0 0 0 0 0 0 0 0 0 0 0 0 0 0 0 0 0 0 0 0 0 0 0 0 0 0 0 0 0 0 0 0 0 0 0 0 0 0 0 0 0 0 0 0 0 77 68 79 32 101 120 116 114 97 32 100 97 116 97 32 108 111 99 107 0 0 0 0 0 0 0 0 0 0 0 0 0 0 0 0 0 0 0 0 0 0 0 0 0 0 0 0 0 0 0 0 0 0 0 0 0 0 0 0 0 0 0 0 0 0 0 0 0 0 0 0 0 0 0 0 0 0 0 0 0 0 0 0 0 0 0 0 0 0 0 0 0 0 0 0 0 0 0 0 0 0 0 0 0 0 0 0 0 0 0 0 0 0 0 0 0 0 0 0 0 0 0 0 0 0 0 0 0 0 0 0 0 0 0 0 0 1 1 0 0 153 230 0 0 1 0 0 0 0 0 0 0 0 0 0 0 2 0 0 0 0 0 3 0 2 0 0 0 48 0 0 0 255 255 255 255 5 0 3 0 0 0 0 0 data 6 0x30005 0x2 0x36f8110 0x1cd1 0x0 0x0 oops 1 2 java/lang/String
ciMethod sun/misc/URLClassPath$JarLoader$1 <init> (Lsun/misc/URLClassPath$JarLoader;)V 89 1 11 0 -1
ciMethod java/security/PrivilegedActionException getException ()Ljava/lang/Exception; 73 1 9 0 -1
ciMethodData java/lang/String startsWith (Ljava/lang/String;)Z 2 22757 orig 264 88 131 233 102 0 0 0 0 200 75 120 28 0 0 0 0 128 1 0 0 0 0 0 0 0 0 0 0 0 0 0 0 0 0 0 0 0 0 0 0 0 0 0 0 0 0 0 0 0 0 0 0 0 0 0 0 0 0 0 0 0 0 0 0 0 0 0 0 0 0 0 0 0 0 0 0 0 0 0 0 77 68 79 32 101 120 116 114 97 32 100 97 116 97 32 108 111 99 107 0 0 0 0 0 0 0 0 0 0 0 0 0 0 0 0 0 0 0 0 0 0 0 0 0 0 0 0 0 0 0 0 0 0 0 0 0 0 0 0 0 0 0 0 0 0 0 0 0 0 0 0 0 0 0 0 0 0 0 0 0 0 0 0 0 0 0 0 0 0 0 0 0 0 0 0 0 0 0 0 0 0 0 0 0 0 0 0 0 0 0 0 0 0 0 0 0 0 0 0 0 0 0 0 0 0 0 0 0 0 0 0 0 0 0 0 0 44 1 0 0 201 189 2 0 1 0 0 0 0 0 0 0 0 0 0 0 2 0 0 0 0 0 3 0 2 0 0 0 48 0 0 0 255 255 255 255 5 0 3 0 0 0 0 0 data 6 0x30005 0x0 0x36f8110 0x57b9 0x0 0x0 oops 1 2 java/lang/String
ciMethodData java/lang/String replace (CC)Ljava/lang/String; 2 19592 orig 264 88 131 233 102 0 0 0 0 112 91 120 28 0 0 0 0 136 2 0 0 184 0 0 0 0 0 0 0 0 0 0 0 0 0 0 0 0 0 0 0 0 0 0 0 0 0 0 0 0 0 0 0 0 0 0 0 0 0 0 0 0 0 0 0 0 0 0 0 0 0 0 0 0 0 0 0 0 0 0 0 77 68 79 32 101 120 116 114 97 32 100 97 116 97 32 108 111 99 107 0 0 0 0 0 0 0 0 0 0 0 0 0 0 0 0 0 0 0 0 0 0 0 0 0 0 0 0 0 0 0 0 0 0 0 0 0 0 0 0 0 0 0 0 0 0 0 0 0 0 0 0 0 0 0 0 0 0 0 0 0 0 0 0 0 0 0 0 0 0 0 0 0 0 0 0 0 0 0 0 0 0 0 0 0 0 0 0 0 0 0 0 0 0 0 0 0 0 0 0 0 0 0 0 0 0 0 0 0 0 0 0 0 0 0 0 0 123 12 0 0 73 19 0 0 105 0 2 0 0 0 0 0 0 0 0 0 2 0 0 0 3 0 23 0 2 0 0 0 80 1 0 0 255 255 255 255 7 0 2 0 0 0 0 0 data 42 0x20007 0x0 0x150 0x269 0x1a0007 0x27 0x58 0xcc9 0x230007 0xa87 0xffffffffffffffe0 0x242 0x260003 0x242 0x18 0x2c0007 0x27 0xd8 0x242 0x3b0007 0x242 0x38 0x8a2 0x4b0003 0x8a2 0xffffffffffffffe0 0x510007 0x242 0x70 0x2aad 0x620007 0x2570 0x38 0x53d 0x660003 0x53d 0x18 0x6f0003 0x2aad 0xffffffffffffffa8 0x790002 0x242 oops 0
ciMethodData java/lang/String <init> ([CZ)V 2 1854 orig 264 88 131 233 102 0 0 0 0 32 58 120 28 0 0 0 0 64 1 0 0 0 0 0 0 0 0 0 0 0 0 0 0 0 0 0 0 0 0 0 0 0 0 0 0 0 0 0 0 0 0 0 0 0 0 0 0 0 0 0 0 0 0 0 0 0 0 0 0 0 0 0 0 0 0 0 0 0 0 0 0 77 68 79 32 101 120 116 114 97 32 100 97 116 97 32 108 111 99 107 0 0 0 0 0 0 0 0 0 0 0 0 0 0 0 0 0 0 0 0 0 0 0 0 0 0 0 0 0 0 0 0 0 0 0 0 0 0 0 0 0 0 0 0 0 0 0 0 0 0 0 0 0 0 0 0 0 0 0 0 0 0 0 0 0 0 0 0 0 0 0 0 0 0 0 0 0 0 0 0 0 0 0 0 0 0 0 0 0 0 0 0 0 0 0 0 0 0 0 0 0 0 0 0 0 0 0 0 0 0 0 0 0 0 0 0 0 220 0 0 0 17 51 0 0 1 0 0 0 0 0 0 0 0 0 0 0 2 0 0 0 0 0 3 0 2 0 0 0 16 0 0 0 255 255 255 255 2 0 1 0 0 0 0 0 data 2 0x10002 0x662 oops 0
ciMethodData java/io/WinNTFileSystem normalize (Ljava/lang/String;)Ljava/lang/String; 2 19149 orig 264 88 131 233 102 0 0 0 0 8 122 143 28 0 0 0 0 64 3 0 0 0 0 0 0 0 0 0 0 0 0 0 0 0 0 0 0 0 0 0 0 0 0 0 0 0 0 0 0 0 0 0 0 0 0 0 0 0 0 0 0 0 0 0 0 0 0 0 0 0 0 0 0 0 0 0 0 0 0 0 0 77 68 79 32 101 120 116 114 97 32 100 97 116 97 32 108 111 99 107 0 0 0 0 0 0 0 0 0 0 0 0 0 0 0 0 0 0 0 0 0 0 0 0 0 0 0 0 0 0 0 0 0 0 0 0 0 0 0 0 0 0 0 0 0 0 0 0 0 0 0 0 0 0 0 0 0 0 0 0 0 0 0 0 0 0 0 0 0 0 0 0 0 0 0 0 0 0 0 0 0 0 0 0 0 0 0 0 0 0 0 0 0 0 0 0 0 0 0 0 0 0 0 0 0 0 0 0 0 0 0 0 0 0 0 0 0 8 8 0 0 137 25 0 0 41 22 2 0 0 0 0 0 0 0 0 0 2 0 0 0 1 0 31 0 2 0 0 0 240 1 0 0 255 255 255 255 5 0 1 0 0 0 0 0 data 62 0x10005 0x0 0x36f8110 0x331 0x0 0x0 0x190007 0x310 0x190 0x42e6 0x1f0005 0x0 0x36f8110 0x42e6 0x0 0x0 0x280007 0x42de 0x68 0x8 0x310007 0x8 0x38 0x0 0x380003 0x0 0x18 0x3d0002 0x8 0x440007 0x3e9c 0x70 0x442 0x4a0007 0x442 0x50 0x0 0x500007 0x0 0x30 0x0 0x5a0002 0x0 0x620007 0x4212 0x50 0xcc 0x680007 0xb3 0x30 0x19 0x6f0002 0x19 0x7a0003 0x42c5 0xfffffffffffffe88 0x800007 0x310 0x30 0x0 0x890002 0x0 oops 2 2 java/lang/String 12 java/lang/String